Namespace(batchsize=100, dimz=20, epoch=500, gpu=1, load_dis_model='', load_gen_model='', out='model', seed=0, snapepoch=10)
GPU 1
[J     total [..................................................]  0.00%
this epoch [..................................................]  1.43%
        10 iter, 0 epoch / 500 epochs
       inf iters/sec. Estimated time to finish: 0:00:00.
[4A[J     total [..................................................]  0.01%
this epoch [#.................................................]  2.86%
        20 iter, 0 epoch / 500 epochs
    41.413 iters/sec. Estimated time to finish: 2:20:50.895410.
[4A[J     total [..................................................]  0.01%
this epoch [##................................................]  4.29%
        30 iter, 0 epoch / 500 epochs
     31.48 iters/sec. Estimated time to finish: 3:05:17.342196.
[4A[J     total [..................................................]  0.01%
this epoch [##................................................]  5.71%
        40 iter, 0 epoch / 500 epochs
    29.428 iters/sec. Estimated time to finish: 3:18:12.115007.
[4A[J     total [..................................................]  0.01%
this epoch [###...............................................]  7.14%
        50 iter, 0 epoch / 500 epochs
    34.646 iters/sec. Estimated time to finish: 2:48:20.784453.
[4A[J     total [..................................................]  0.02%
this epoch [####..............................................]  8.57%
        60 iter, 0 epoch / 500 epochs
    38.661 iters/sec. Estimated time to finish: 2:30:51.507386.
[4A[J     total [..................................................]  0.02%
this epoch [#####.............................................] 10.00%
        70 iter, 0 epoch / 500 epochs
    41.978 iters/sec. Estimated time to finish: 2:18:56.099769.
[4A[J     total [..................................................]  0.02%
this epoch [#####.............................................] 11.43%
        80 iter, 0 epoch / 500 epochs
    44.706 iters/sec. Estimated time to finish: 2:10:27.207888.
[4A[J     total [..................................................]  0.03%
this epoch [######............................................] 12.86%
        90 iter, 0 epoch / 500 epochs
    46.971 iters/sec. Estimated time to finish: 2:04:09.421667.
[4Aepoch       iteration   gen/loss    dis/loss  
[J0           100         9.85765     0.108838    
[J     total [..................................................]  0.03%
this epoch [#######...........................................] 14.29%
       100 iter, 0 epoch / 500 epochs
     47.13 iters/sec. Estimated time to finish: 2:03:44.223800.
[4A[J     total [..................................................]  0.03%
this epoch [#######...........................................] 15.71%
       110 iter, 0 epoch / 500 epochs
    48.885 iters/sec. Estimated time to finish: 1:59:17.447223.
[4A[J     total [..................................................]  0.03%
this epoch [########..........................................] 17.14%
       120 iter, 0 epoch / 500 epochs
    50.295 iters/sec. Estimated time to finish: 1:55:56.558549.
[4A[J     total [..................................................]  0.04%
this epoch [#########.........................................] 18.57%
       130 iter, 0 epoch / 500 epochs
    51.489 iters/sec. Estimated time to finish: 1:53:15.109329.
[4A[J     total [..................................................]  0.04%
this epoch [##########........................................] 20.00%
       140 iter, 0 epoch / 500 epochs
    52.579 iters/sec. Estimated time to finish: 1:50:53.965646.
[4A[J     total [..................................................]  0.04%
this epoch [##########........................................] 21.43%
       150 iter, 0 epoch / 500 epochs
    53.593 iters/sec. Estimated time to finish: 1:48:47.894305.
[4A[J     total [..................................................]  0.05%
this epoch [###########.......................................] 22.86%
       160 iter, 0 epoch / 500 epochs
     54.52 iters/sec. Estimated time to finish: 1:46:56.738258.
[4A[J     total [..................................................]  0.05%
this epoch [############......................................] 24.29%
       170 iter, 0 epoch / 500 epochs
    55.341 iters/sec. Estimated time to finish: 1:45:21.315124.
[4A[J     total [..................................................]  0.05%
this epoch [############......................................] 25.71%
       180 iter, 0 epoch / 500 epochs
    55.884 iters/sec. Estimated time to finish: 1:44:19.741936.
[4A[J     total [..................................................]  0.05%
this epoch [#############.....................................] 27.14%
       190 iter, 0 epoch / 500 epochs
    55.527 iters/sec. Estimated time to finish: 1:44:59.874366.
[4A[J0           200         11.3662     0.063206    
[J     total [..................................................]  0.06%
this epoch [##############....................................] 28.57%
       200 iter, 0 epoch / 500 epochs
    50.114 iters/sec. Estimated time to finish: 1:56:20.108926.
[4A[J     total [..................................................]  0.06%
this epoch [###############...................................] 30.00%
       210 iter, 0 epoch / 500 epochs
     50.31 iters/sec. Estimated time to finish: 1:55:52.646098.
[4A[J     total [..................................................]  0.06%
this epoch [###############...................................] 31.43%
       220 iter, 0 epoch / 500 epochs
    48.456 iters/sec. Estimated time to finish: 2:00:18.546131.
[4A[J     total [..................................................]  0.07%
this epoch [################..................................] 32.86%
       230 iter, 0 epoch / 500 epochs
    49.136 iters/sec. Estimated time to finish: 1:58:38.405892.
[4A[J     total [..................................................]  0.07%
this epoch [#################.................................] 34.29%
       240 iter, 0 epoch / 500 epochs
    49.736 iters/sec. Estimated time to finish: 1:57:12.280893.
[4A[J     total [..................................................]  0.07%
this epoch [#################.................................] 35.71%
       250 iter, 0 epoch / 500 epochs
    50.059 iters/sec. Estimated time to finish: 1:56:26.735594.
[4A[J     total [..................................................]  0.07%
this epoch [##################................................] 37.14%
       260 iter, 0 epoch / 500 epochs
    50.572 iters/sec. Estimated time to finish: 1:55:15.719128.
[4A[J     total [..................................................]  0.08%
this epoch [###################...............................] 38.57%
       270 iter, 0 epoch / 500 epochs
    51.127 iters/sec. Estimated time to finish: 1:54:00.405340.
[4A[J     total [..................................................]  0.08%
this epoch [####################..............................] 40.00%
       280 iter, 0 epoch / 500 epochs
     51.65 iters/sec. Estimated time to finish: 1:52:50.927274.
[4A[J     total [..................................................]  0.08%
this epoch [####################..............................] 41.43%
       290 iter, 0 epoch / 500 epochs
    52.125 iters/sec. Estimated time to finish: 1:51:49.021017.
[4A[J0           300         8.28368     0.0786773   
[J     total [..................................................]  0.09%
this epoch [#####################.............................] 42.86%
       300 iter, 0 epoch / 500 epochs
    51.694 iters/sec. Estimated time to finish: 1:52:44.826568.
[4A[J     total [..................................................]  0.09%
this epoch [######################............................] 44.29%
       310 iter, 0 epoch / 500 epochs
    52.156 iters/sec. Estimated time to finish: 1:51:44.743608.
[4A[J     total [..................................................]  0.09%
this epoch [######################............................] 45.71%
       320 iter, 0 epoch / 500 epochs
     51.08 iters/sec. Estimated time to finish: 1:54:05.796238.
[4A[J     total [..................................................]  0.09%
this epoch [#######################...........................] 47.14%
       330 iter, 0 epoch / 500 epochs
     50.85 iters/sec. Estimated time to finish: 1:54:36.498354.
[4A[J     total [..................................................]  0.10%
this epoch [########################..........................] 48.57%
       340 iter, 0 epoch / 500 epochs
    51.234 iters/sec. Estimated time to finish: 1:53:44.770132.
[4A[J     total [..................................................]  0.10%
this epoch [#########################.........................] 50.00%
       350 iter, 0 epoch / 500 epochs
    51.585 iters/sec. Estimated time to finish: 1:52:58.069642.
[4A[J     total [..................................................]  0.10%
this epoch [#########################.........................] 51.43%
       360 iter, 0 epoch / 500 epochs
    51.884 iters/sec. Estimated time to finish: 1:52:18.860052.
[4A[J     total [..................................................]  0.11%
this epoch [##########################........................] 52.86%
       370 iter, 0 epoch / 500 epochs
    52.219 iters/sec. Estimated time to finish: 1:51:35.470356.
[4A[J     total [..................................................]  0.11%
this epoch [###########################.......................] 54.29%
       380 iter, 0 epoch / 500 epochs
    52.542 iters/sec. Estimated time to finish: 1:50:54.150394.
[4A[J     total [..................................................]  0.11%
this epoch [###########################.......................] 55.71%
       390 iter, 0 epoch / 500 epochs
    52.849 iters/sec. Estimated time to finish: 1:50:15.264110.
[4A[J0           400         6.41146     0.0728927   
[J     total [..................................................]  0.11%
this epoch [############################......................] 57.14%
       400 iter, 0 epoch / 500 epochs
    53.065 iters/sec. Estimated time to finish: 1:49:48.195338.
[4A[J     total [..................................................]  0.12%
this epoch [#############################.....................] 58.57%
       410 iter, 0 epoch / 500 epochs
    53.325 iters/sec. Estimated time to finish: 1:49:15.877489.
[4A[J     total [..................................................]  0.12%
this epoch [##############################....................] 60.00%
       420 iter, 0 epoch / 500 epochs
      53.6 iters/sec. Estimated time to finish: 1:48:41.970300.
[4A[J     total [..................................................]  0.12%
this epoch [##############################....................] 61.43%
       430 iter, 0 epoch / 500 epochs
    53.823 iters/sec. Estimated time to finish: 1:48:14.820359.
[4A[J     total [..................................................]  0.13%
this epoch [###############################...................] 62.86%
       440 iter, 0 epoch / 500 epochs
    54.061 iters/sec. Estimated time to finish: 1:47:46.066836.
[4A[J     total [..................................................]  0.13%
this epoch [################################..................] 64.29%
       450 iter, 0 epoch / 500 epochs
    54.311 iters/sec. Estimated time to finish: 1:47:16.110995.
[4A[J     total [..................................................]  0.13%
this epoch [################################..................] 65.71%
       460 iter, 0 epoch / 500 epochs
    54.549 iters/sec. Estimated time to finish: 1:46:47.835724.
[4A[J     total [..................................................]  0.13%
this epoch [#################################.................] 67.14%
       470 iter, 0 epoch / 500 epochs
    54.725 iters/sec. Estimated time to finish: 1:46:27.003209.
[4A[J     total [..................................................]  0.14%
this epoch [##################################................] 68.57%
       480 iter, 0 epoch / 500 epochs
    54.946 iters/sec. Estimated time to finish: 1:46:01.106127.
[4A[J     total [..................................................]  0.14%
this epoch [###################################...............] 70.00%
       490 iter, 0 epoch / 500 epochs
    55.144 iters/sec. Estimated time to finish: 1:45:38.187563.
[4A[J0           500         7.16633     0.0851532   
[J     total [..................................................]  0.14%
this epoch [###################################...............] 71.43%
       500 iter, 0 epoch / 500 epochs
    55.026 iters/sec. Estimated time to finish: 1:45:51.538591.
[4A[J     total [..................................................]  0.15%
this epoch [####################################..............] 72.86%
       510 iter, 0 epoch / 500 epochs
     55.17 iters/sec. Estimated time to finish: 1:45:34.766224.
[4A[J     total [..................................................]  0.15%
this epoch [#####################################.............] 74.29%
       520 iter, 0 epoch / 500 epochs
    55.362 iters/sec. Estimated time to finish: 1:45:12.638826.
[4A[J     total [..................................................]  0.15%
this epoch [#####################################.............] 75.71%
       530 iter, 0 epoch / 500 epochs
    55.545 iters/sec. Estimated time to finish: 1:44:51.681851.
[4A[J     total [..................................................]  0.15%
this epoch [######################################............] 77.14%
       540 iter, 0 epoch / 500 epochs
    54.691 iters/sec. Estimated time to finish: 1:46:29.665325.
[4A[J     total [..................................................]  0.16%
this epoch [#######################################...........] 78.57%
       550 iter, 0 epoch / 500 epochs
    53.547 iters/sec. Estimated time to finish: 1:48:46.057485.
[4A[J     total [..................................................]  0.16%
this epoch [########################################..........] 80.00%
       560 iter, 0 epoch / 500 epochs
    52.876 iters/sec. Estimated time to finish: 1:50:08.632231.
[4A[J     total [..................................................]  0.16%
this epoch [########################################..........] 81.43%
       570 iter, 0 epoch / 500 epochs
    53.078 iters/sec. Estimated time to finish: 1:49:43.290965.
[4A[J     total [..................................................]  0.17%
this epoch [#########################################.........] 82.86%
       580 iter, 0 epoch / 500 epochs
    53.258 iters/sec. Estimated time to finish: 1:49:20.944851.
[4A[J     total [..................................................]  0.17%
this epoch [##########################################........] 84.29%
       590 iter, 0 epoch / 500 epochs
    53.452 iters/sec. Estimated time to finish: 1:48:56.950902.
[4A[J0           600         7.26615     0.100757    
[J     total [..................................................]  0.17%
this epoch [##########################################........] 85.71%
       600 iter, 0 epoch / 500 epochs
    53.493 iters/sec. Estimated time to finish: 1:48:51.719435.
[4A[J     total [..................................................]  0.17%
this epoch [###########################################.......] 87.14%
       610 iter, 0 epoch / 500 epochs
     53.67 iters/sec. Estimated time to finish: 1:48:29.938151.
[4A[J     total [..................................................]  0.18%
this epoch [############################################......] 88.57%
       620 iter, 0 epoch / 500 epochs
    53.851 iters/sec. Estimated time to finish: 1:48:07.879483.
[4Ascripts/run_train.sh: 3 行: 56928 Terminated              python train_gan.py -g 1 -e 500
